{
  "RSpec": {
    "coverage": {
      "/Users/lydiashafer/blogging-app/app/controllers/drafts_controller.rb": [
        1,
        null,
        1,
        3,
        null,
        null,
        1,
        12,
        null,
        null,
        1,
        2,
        2,
        2,
        2,
        null,
        null,
        1,
        1,
        1,
        1,
        1,
        null,
        null
      ],
      "/Users/lydiashafer/blogging-app/app/controllers/application_controller.rb": [
        1,
        1,
        null
      ],
      "/Users/lydiashafer/blogging-app/spec/controllers/posts_controller_spec.rb": [
        1,
        null,
        1,
        null,
        null
      ],
      "/Users/lydiashafer/blogging-app/app/controllers/posts_controller.rb": [
        1,
        null,
        1,
        14,
        14,
        null,
        null,
        1,
        4,
        4,
        3,
        3,
        null,
        1,
        1,
        null,
        null,
        null,
        1,
        7,
        null,
        null,
        1,
        4,
        null,
        null,
        1,
        4,
        4,
        3,
        3,
        3,
        null,
        1,
        1,
        null,
        null,
        null,
        1,
        3,
        3,
        3,
        3,
        null,
        null,
        1,
        null,
        1,
        8,
        null,
        null
      ],
      "/Users/lydiashafer/blogging-app/spec/features/drafts_spec.rb": [
        1,
        null,
        1,
        1,
        2,
        2,
        null,
        null,
        1,
        1,
        1,
        null,
        1,
        1,
        1,
        null,
        null,
        null,
        1,
        1,
        null,
        1,
        1,
        1,
        1,
        1,
        null,
        1,
        null,
        1,
        1,
        null,
        null,
        null,
        null,
        1,
        1,
        5,
        5,
        null,
        null,
        1,
        1,
        null,
        1,
        1,
        null,
        null,
        1,
        1,
        1,
        1,
        null,
        null,
        1,
        1,
        1,
        null,
        1,
        1,
        null,
        1,
        1,
        1,
        1,
        null,
        1,
        1,
        null,
        null,
        1,
        1,
        null,
        1,
        null,
        1,
        1,
        null,
        null,
        1,
        1,
        1,
        null,
        1,
        1,
        1,
        1,
        null,
        1,
        1,
        null,
        null
      ],
      "/Users/lydiashafer/blogging-app/spec/features/post_show_spec.rb": [
        null,
        1,
        1,
        5,
        5,
        null,
        null,
        1,
        1,
        1,
        1,
        null,
        1,
        null,
        null,
        1,
        null,
        1,
        null,
        1,
        1,
        1,
        null,
        null,
        1,
        1,
        1,
        null,
        1,
        1,
        null,
        1,
        1,
        1,
        1,
        null,
        1,
        1,
        1,
        null,
        null,
        1,
        1,
        1,
        null,
        1,
        1,
        1,
        null,
        1,
        1,
        null,
        null,
        1,
        1,
        null,
        1,
        null,
        1,
        1,
        null,
        null
      ],
      "/Users/lydiashafer/blogging-app/spec/features/posts_spec.rb": [
        1,
        null,
        1,
        1,
        5,
        5,
        null,
        null,
        1,
        1,
        null,
        1,
        1,
        null,
        null,
        1,
        1,
        null,
        null,
        null,
        1,
        null,
        1,
        1,
        1,
        1,
        1,
        null,
        1,
        null,
        null,
        1,
        null,
        1,
        1,
        1,
        1,
        1,
        null,
        1,
        null,
        null,
        1,
        null,
        1,
        null,
        1,
        1,
        1,
        null,
        null,
        null,
        1,
        null,
        1,
        1,
        1,
        1,
        1,
        null,
        null,
        1,
        null,
        1,
        1,
        null,
        null,
        1,
        null,
        1,
        1,
        null,
        null,
        null
      ],
      "/Users/lydiashafer/blogging-app/spec/models/post_spec.rb": [
        1,
        null,
        1,
        1,
        1,
        1,
        1,
        null,
        null,
        1,
        1,
        1,
        null,
        null,
        1,
        1,
        1,
        null,
        null,
        1,
        1,
        1,
        null,
        null,
        1,
        1,
        1,
        null,
        null,
        1,
        1,
        1,
        null,
        null,
        1,
        1,
        1,
        1,
        1,
        null,
        null,
        null
      ],
      "/Users/lydiashafer/blogging-app/app/models/post.rb": [
        1,
        1,
        1,
        null,
        15,
        4,
        null
      ]
    },
    "timestamp": 1431390252
  }
}
